<?xml version="1.0" encoding="UTF-8"?>
<!-- Generated by org.testng.reporters.JUnitReportReporter -->
<testsuite hostname="LAPTOP-KBNO7HO9" failures="0" tests="1" name="test.TC001SIGNUP" time="11.201" errors="0" timestamp="16 Nov 2023 09:29:03 GMT" skipped="0">
  <testcase classname="test.TC001SIGNUP" name="SignUpTest" time="11.201"/>
</testsuite> <!-- test.TC001SIGNUP -->
